Arguments: 
  /Users/brianlai/.nvm/versions/node/v14.16.0/bin/node /usr/local/Cellar/yarn/1.22.17_2/libexec/bin/yarn.js init

PATH: 
  /Users/brianlai/.nvm/versions/node/v14.16.0/bin:/Users/brianlai/opt/anaconda3/bin:/Users/brianlai/opt/anaconda3/condabin:/Library/Frameworks/Python.framework/Versions/3.10/bin:/Users/brianlai/.rvm/gems/ruby-2.5.1/bin:/Users/brianlai/.rvm/gems/ruby-2.5.1@global/bin:/Users/brianlai/.rvm/rubies/ruby-2.5.1/bin:/Users/brianlai/.rbenv/shims:/usr/local/bin:/usr/bin:/bin:/usr/sbin:/sbin:/Library/Apple/usr/bin:/Users/brianlai/.rvm/bin

Yarn version: 
  1.22.17

Node version: 
  14.16.0

Platform: 
  darwin x64

Trace: 
  Error: canceled
      at Interface.<anonymous> (/usr/local/Cellar/yarn/1.22.17_2/libexec/lib/cli.js:137143:13)
      at Interface.emit (events.js:315:20)
      at Interface._ttyWrite (readline.js:875:16)
      at ReadStream.onkeypress (readline.js:213:10)
      at ReadStream.emit (events.js:315:20)
      at emitKeys (internal/readline/utils.js:345:14)
      at emitKeys.next (<anonymous>)
      at ReadStream.onData (readline.js:1144:36)
      at ReadStream.emit (events.js:315:20)
      at addChunk (internal/streams/readable.js:309:12)

npm manifest: 
  No manifest

yarn manifest: 
  No manifest

Lockfile: 
  No lockfile
